{
  "stats": {
    "suites": 1,
    "tests": 4,
    "passes": 4,
    "pending": 0,
    "failures": 0,
    "start": "2020-06-11T10:28:32.486Z",
    "end": "2020-06-11T10:28:36.677Z",
    "duration": 4191,
    "testsRegistered": 4,
    "passPercent": 100,
    "pendingPercent": 0,
    "other": 0,
    "hasOther": false,
    "skipped": 0,
    "hasSkipped": false
  },
  "results": [
    {
      "uuid": "1ccf945b-e1d0-41cf-8662-5b0647eeef59",
      "title": "",
      "fullFile": "cypress/integration/e2e_tests/navbar.spec.js",
      "file": "cypress/integration/e2e_tests/navbar.spec.js",
      "beforeHooks": [],
      "afterHooks": [],
      "tests": [],
      "suites": [
        {
          "uuid": "ba953631-23a1-41e8-ad14-9bfa38b865c0",
          "title": "Navbar Test",
          "fullFile": "",
          "file": "",
          "beforeHooks": [],
          "afterHooks": [],
          "tests": [
            {
              "title": "should show correct number of navBar links",
              "fullTitle": "Navbar Test should show correct number of navBar links",
              "timedOut": null,
              "duration": 1160,
              "state": "passed",
              "speed": "slow",
              "pass": true,
              "fail": false,
              "pending": false,
              "context": null,
              "code": "cy.get('#pages-nav li').should('have.length', 3);",
              "err": {},
              "uuid": "6e2bc962-d886-46b5-a3dc-12a5a0bbaa56",
              "parentUUID": "ba953631-23a1-41e8-ad14-9bfa38b865c0",
              "isHook": false,
              "skipped": false
            },
            {
              "title": "should display online banking content",
              "fullTitle": "Navbar Test should display online banking content",
              "timedOut": null,
              "duration": 902,
              "state": "passed",
              "speed": "slow",
              "pass": true,
              "fail": false,
              "pending": false,
              "context": null,
              "code": "cy.contains('Online Banking').click();\ncy.url().should('include', 'online-banking.html');\ncy.get('#onlineBankingMenu').should('be.visible');\ncy.get('#onlineBankingMenu').should('contain.text', 'Online Banking');\ncy.get(\"#onlineBankingMenu[class='active']\").should('be.visible');",
              "err": {},
              "uuid": "30d06a88-3cd6-48cf-83c6-4fc4f1a746eb",
              "parentUUID": "ba953631-23a1-41e8-ad14-9bfa38b865c0",
              "isHook": false,
              "skipped": false
            },
            {
              "title": "should display feedback content",
              "fullTitle": "Navbar Test should display feedback content",
              "timedOut": null,
              "duration": 454,
              "state": "passed",
              "speed": "slow",
              "pass": true,
              "fail": false,
              "pending": false,
              "context": null,
              "code": "cy.contains('Feedback').click();\ncy.url().should('include', 'feedback.html');\ncy.get('#feedback-title').should('be.visible');\ncy.get('#feedback-title').should('contain.text', 'Feedback');",
              "err": {},
              "uuid": "c85cdb04-ad27-46aa-9777-cf0303b37fbb",
              "parentUUID": "ba953631-23a1-41e8-ad14-9bfa38b865c0",
              "isHook": false,
              "skipped": false
            },
            {
              "title": "should display homepage content",
              "fullTitle": "Navbar Test should display homepage content",
              "timedOut": null,
              "duration": 253,
              "state": "passed",
              "speed": "slow",
              "pass": true,
              "fail": false,
              "pending": false,
              "context": null,
              "code": "cy.contains('Zero Bank').click();\ncy.url().should('include', 'index.html');\ncy.get(\"#homeMenu[class='active']\").should('be.visible');",
              "err": {},
              "uuid": "a60eae64-899c-4d5c-b9e7-466524ff224d",
              "parentUUID": "ba953631-23a1-41e8-ad14-9bfa38b865c0",
              "isHook": false,
              "skipped": false
            }
          ],
          "suites": [],
          "passes": [
            "6e2bc962-d886-46b5-a3dc-12a5a0bbaa56",
            "30d06a88-3cd6-48cf-83c6-4fc4f1a746eb",
            "c85cdb04-ad27-46aa-9777-cf0303b37fbb",
            "a60eae64-899c-4d5c-b9e7-466524ff224d"
          ],
          "failures": [],
          "pending": [],
          "skipped": [],
          "duration": 2769,
          "root": false,
          "rootEmpty": false,
          "_timeout": 2000
        }
      ],
      "passes": [],
      "failures": [],
      "pending": [],
      "skipped": [],
      "duration": 0,
      "root": true,
      "rootEmpty": true,
      "_timeout": 2000
    }
  ],
  "meta": {
    "mocha": {
      "version": "7.0.1"
    },
    "mochawesome": {
      "options": {
        "quiet": false,
        "reportFilename": "mochawesome",
        "saveHtml": false,
        "saveJson": true,
        "consoleReporter": "spec",
        "useInlineDiffs": false,
        "code": true
      },
      "version": "6.1.1"
    },
    "marge": {
      "options": {
        "overwrite": false,
        "html": false,
        "json": true
      },
      "version": "5.1.0"
    }
  }
}